Token { kind: At, lexeme: "@", indent: 0, line: 1, column: 1 }
Token { kind: Identifier, lexeme: "import", indent: 0, line: 1, column: 7 }
Token { kind: LBrace, lexeme: "{", indent: 0, line: 1, column: 8 }
Token { kind: Identifier, lexeme: "x", indent: 0, line: 1, column: 10 }
Token { kind: Identifier, lexeme: "y", indent: 0, line: 1, column: 12 }
Token { kind: Identifier, lexeme: "z", indent: 0, line: 1, column: 14 }
Token { kind: Identifier, lexeme: "loopCount", indent: 0, line: 1, column: 24 }
Token { kind: Identifier, lexeme: "tempo", indent: 0, line: 1, column: 30 }
Token { kind: RBrace, lexeme: "}", indent: 0, line: 1, column: 31 }
Token { kind: Identifier, lexeme: "from", indent: 0, line: 1, column: 36 }
Token { kind: String, lexeme: "./examples/exported.deva", indent: 0, line: 1, column: 63 }
Token { kind: Newline, lexeme: "\n", indent: 0, line: 1, column: 64 }
Token { kind: Newline, lexeme: "\n", indent: 0, line: 2, column: 2 }
Token { kind: Tempo, lexeme: "bpm", indent: 0, line: 3, column: 3 }
Token { kind: Identifier, lexeme: "tempo", indent: 0, line: 3, column: 8 }
Token { kind: Newline, lexeme: "\n", indent: 0, line: 3, column: 9 }
Token { kind: Newline, lexeme: "\n", indent: 0, line: 4, column: 2 }
Token { kind: Bank, lexeme: "bank", indent: 0, line: 5, column: 4 }
Token { kind: Identifier, lexeme: "y", indent: 0, line: 5, column: 5 }
Token { kind: Newline, lexeme: "\n", indent: 0, line: 5, column: 6 }
Token { kind: Newline, lexeme: "\n", indent: 0, line: 6, column: 2 }
Token { kind: Loop, lexeme: "loop", indent: 0, line: 7, column: 4 }
Token { kind: Identifier, lexeme: "loopCount", indent: 0, line: 7, column: 13 }
Token { kind: Colon, lexeme: ":", indent: 0, line: 7, column: 13 }
Token { kind: Newline, lexeme: "\n", indent: 0, line: 7, column: 15 }
Token { kind: Indent, lexeme: "", indent: 4, line: 8, column: 5 }
Token { kind: Dot, lexeme: ".", indent: 4, line: 8, column: 5 }
Token { kind: Identifier, lexeme: "kick", indent: 4, line: 8, column: 9 }
Token { kind: Identifier, lexeme: "x", indent: 4, line: 8, column: 10 }
Token { kind: Identifier, lexeme: "z", indent: 4, line: 8, column: 11 }
Token { kind: Dedent, lexeme: "", indent: 0, line: 8, column: 11 }
Token { kind: EOF, lexeme: "", indent: 0, line: 9, column: 0 }